<?xml version="1.0" encoding="UTF-8"?>
<!-- Generated by org.testng.reporters.JUnitReportReporter -->
<testsuite hostname="Nihala" failures="0" tests="1" name="testscript.CategorySearchListTest" time="5.511" errors="0" timestamp="2025-01-28T21:19:26 IST" skipped="0">
  <testcase classname="testscript.CategorySearchListTest" name="verifyTheUserAbleToSearchTheCategoryList" time="5.511"/>
</testsuite> <!-- testscript.CategorySearchListTest -->
