<?xml version="1.0" encoding="UTF-8"?>
<!-- Generated by org.testng.reporters.JUnitReportReporter -->
<testsuite hostname="Nihala" failures="0" tests="2" name="testscript.AdminUserTest" time="22.348" errors="0" timestamp="2025-02-04T17:59:07 IST" skipped="0">
  <testcase classname="testscript.AdminUserTest" name="newAdminUserCreation" time="10.326"/>
  <testcase classname="testscript.AdminUserTest" name="searchUser" time="12.022"/>
</testsuite> <!-- testscript.AdminUserTest -->
